{"/workspaces/Marjahans-by-replit/server/db.ts": {"path":"/workspaces/Marjahans-by-replit/server/db.ts","statementMap":{"0":{"start":{"line":1,"column":0},"end":{"line":1,"column":52}},"1":{"start":{"line":2,"column":0},"end":{"line":2,"column":20}},"2":{"start":{"line":3,"column":0},"end":{"line":3,"column":41}},"3":{"start":{"line":5,"column":17},"end":{"line":5,"column":19}},"4":{"start":{"line":7,"column":0},"end":{"line":11,"column":1}},"5":{"start":{"line":8,"column":2},"end":{"line":10,"column":4}},"6":{"start":{"line":13,"column":13},"end":{"line":13,"column":77}},"7":{"start":{"line":14,"column":13},"end":{"line":14,"column":44}}},"fnMap":{},"branchMap":{"0":{"loc":{"start":{"line":7,"column":0},"end":{"line":11,"column":1}},"type":"if","locations":[{"start":{"line":7,"column":0},"end":{"line":11,"column":1}},{"start":{},"end":{}}]}},"s":{"0":0,"1":0,"2":0,"3":0,"4":0,"5":0,"6":0,"7":0},"f":{},"b":{"0":[0,0]}}
,"/workspaces/Marjahans-by-replit/server/routes.ts": {"path":"/workspaces/Marjahans-by-replit/server/routes.ts","statementMap":{"0":{"start":{"line":15,"column":0},"end":{"line":15,"column":22}},"1":{"start":{"line":3,"column":0},"end":{"line":3,"column":36}},"2":{"start":{"line":4,"column":0},"end":{"line":4,"column":37}},"3":{"start":{"line":5,"column":0},"end":{"line":5,"column":24}},"4":{"start":{"line":6,"column":0},"end":{"line":6,"column":92}},"5":{"start":{"line":7,"column":0},"end":{"line":7,"column":28}},"6":{"start":{"line":11,"column":15},"end":{"line":13,"column":8}},"7":{"start":{"line":20,"column":2},"end":{"line":20,"column":23}},"8":{"start":{"line":21,"column":2},"end":{"line":21,"column":26}},"9":{"start":{"line":24,"column":2},"end":{"line":32,"column":5}},"10":{"start":{"line":24,"column":55},"end":{"line":32,"column":4}},"11":{"start":{"line":25,"column":4},"end":{"line":31,"column":5}},"12":{"start":{"line":26,"column":25},"end":{"line":26,"column":54}},"13":{"start":{"line":27,"column":6},"end":{"line":27,"column":27}},"14":{"start":{"line":29,"column":6},"end":{"line":29,"column":57}},"15":{"start":{"line":30,"column":6},"end":{"line":30,"column":70}},"16":{"start":{"line":34,"column":2},"end":{"line":45,"column":5}},"17":{"start":{"line":34,"column":54},"end":{"line":45,"column":4}},"18":{"start":{"line":35,"column":4},"end":{"line":44,"column":5}},"19":{"start":{"line":36,"column":23},"end":{"line":36,"column":71}},"20":{"start":{"line":37,"column":6},"end":{"line":39,"column":7}},"21":{"start":{"line":38,"column":8},"end":{"line":38,"column":71}},"22":{"start":{"line":40,"column":6},"end":{"line":40,"column":25}},"23":{"start":{"line":42,"column":6},"end":{"line":42,"column":55}},"24":{"start":{"line":43,"column":6},"end":{"line":43,"column":68}},"25":{"start":{"line":49,"column":2},"end":{"line":57,"column":5}},"26":{"start":{"line":49,"column":55},"end":{"line":57,"column":4}},"27":{"start":{"line":50,"column":4},"end":{"line":56,"column":5}},"28":{"start":{"line":51,"column":23},"end":{"line":51,"column":58}},"29":{"start":{"line":52,"column":6},"end":{"line":52,"column":25}},"30":{"start":{"line":54,"column":6},"end":{"line":54,"column":64}},"31":{"start":{"line":55,"column":6},"end":{"line":55,"column":77}},"32":{"start":{"line":60,"column":2},"end":{"line":68,"column":5}},"33":{"start":{"line":60,"column":59},"end":{"line":68,"column":4}},"34":{"start":{"line":61,"column":4},"end":{"line":67,"column":5}},"35":{"start":{"line":62,"column":23},"end":{"line":62,"column":53}},"36":{"start":{"line":63,"column":6},"end":{"line":63,"column":25}},"37":{"start":{"line":65,"column":6},"end":{"line":65,"column":59}},"38":{"start":{"line":66,"column":6},"end":{"line":66,"column":72}},"39":{"start":{"line":71,"column":2},"end":{"line":86,"column":5}},"40":{"start":{"line":71,"column":53},"end":{"line":86,"column":4}},"41":{"start":{"line":72,"column":4},"end":{"line":85,"column":5}},"42":{"start":{"line":73,"column":16},"end":{"line":73,"column":37}},"43":{"start":{"line":74,"column":20},"end":{"line":74,"column":66}},"44":{"start":{"line":76,"column":6},"end":{"line":78,"column":7}},"45":{"start":{"line":77,"column":8},"end":{"line":77,"column":28}},"46":{"start":{"line":80,"column":23},"end":{"line":80,"column":61}},"47":{"start":{"line":81,"column":6},"end":{"line":81,"column":25}},"48":{"start":{"line":83,"column":6},"end":{"line":83,"column":56}},"49":{"start":{"line":84,"column":6},"end":{"line":84,"column":69}},"50":{"start":{"line":89,"column":2},"end":{"line":111,"column":5}},"51":{"start":{"line":89,"column":53},"end":{"line":111,"column":4}},"52":{"start":{"line":90,"column":4},"end":{"line":110,"column":5}},"53":{"start":{"line":91,"column":21},"end":{"line":103,"column":8}},"54":{"start":{"line":105,"column":23},"end":{"line":105,"column":56}},"55":{"start":{"line":106,"column":6},"end":{"line":106,"column":25}},"56":{"start":{"line":108,"column":6},"end":{"line":108,"column":55}},"57":{"start":{"line":109,"column":6},"end":{"line":109,"column":68}},"58":{"start":{"line":114,"column":2},"end":{"line":125,"column":5}},"59":{"start":{"line":114,"column":52},"end":{"line":125,"column":4}},"60":{"start":{"line":115,"column":4},"end":{"line":124,"column":5}},"61":{"start":{"line":116,"column":22},"end":{"line":116,"column":69}},"62":{"start":{"line":117,"column":6},"end":{"line":119,"column":7}},"63":{"start":{"line":118,"column":8},"end":{"line":118,"column":70}},"64":{"start":{"line":120,"column":6},"end":{"line":120,"column":24}},"65":{"start":{"line":122,"column":6},"end":{"line":122,"column":54}},"66":{"start":{"line":123,"column":6},"end":{"line":123,"column":67}},"67":{"start":{"line":128,"column":2},"end":{"line":137,"column":5}},"68":{"start":{"line":128,"column":70},"end":{"line":137,"column":4}},"69":{"start":{"line":129,"column":4},"end":{"line":136,"column":5}},"70":{"start":{"line":130,"column":21},"end":{"line":130,"column":40}},"71":{"start":{"line":131,"column":20},"end":{"line":131,"column":54}},"72":{"start":{"line":132,"column":6},"end":{"line":132,"column":22}},"73":{"start":{"line":134,"column":6},"end":{"line":134,"column":51}},"74":{"start":{"line":135,"column":6},"end":{"line":135,"column":64}},"75":{"start":{"line":139,"column":2},"end":{"line":158,"column":5}},"76":{"start":{"line":139,"column":71},"end":{"line":158,"column":4}},"77":{"start":{"line":140,"column":4},"end":{"line":157,"column":5}},"78":{"start":{"line":141,"column":21},"end":{"line":141,"column":40}},"79":{"start":{"line":142,"column":20},"end":{"line":142,"column":54}},"80":{"start":{"line":144,"column":22},"end":{"line":144,"column":67}},"81":{"start":{"line":145,"column":6},"end":{"line":147,"column":7}},"82":{"start":{"line":146,"column":8},"end":{"line":146,"column":70}},"83":{"start":{"line":149,"column":23},"end":{"line":149,"column":92}},"84":{"start":{"line":150,"column":6},"end":{"line":150,"column":37}},"85":{"start":{"line":152,"column":6},"end":{"line":154,"column":7}},"86":{"start":{"line":153,"column":8},"end":{"line":153,"column":113}},"87":{"start":{"line":155,"column":6},"end":{"line":155,"column":52}},"88":{"start":{"line":156,"column":6},"end":{"line":156,"column":65}},"89":{"start":{"line":160,"column":2},"end":{"line":180,"column":5}},"90":{"start":{"line":160,"column":75},"end":{"line":180,"column":4}},"91":{"start":{"line":161,"column":4},"end":{"line":179,"column":5}},"92":{"start":{"line":162,"column":21},"end":{"line":162,"column":40}},"93":{"start":{"line":163,"column":17},"end":{"line":163,"column":38}},"94":{"start":{"line":164,"column":20},"end":{"line":164,"column":57}},"95":{"start":{"line":166,"column":19},"end":{"line":166,"column":56}},"96":{"start":{"line":167,"column":6},"end":{"line":169,"column":7}},"97":{"start":{"line":168,"column":8},"end":{"line":168,"column":72}},"98":{"start":{"line":171,"column":22},"end":{"line":171,"column":78}},"99":{"start":{"line":172,"column":6},"end":{"line":172,"column":24}},"100":{"start":{"line":174,"column":6},"end":{"line":176,"column":7}},"101":{"start":{"line":175,"column":8},"end":{"line":175,"column":113}},"102":{"start":{"line":177,"column":6},"end":{"line":177,"column":51}},"103":{"start":{"line":178,"column":6},"end":{"line":178,"column":65}},"104":{"start":{"line":182,"column":2},"end":{"line":198,"column":5}},"105":{"start":{"line":182,"column":76},"end":{"line":198,"column":4}},"106":{"start":{"line":183,"column":4},"end":{"line":197,"column":5}},"107":{"start":{"line":184,"column":21},"end":{"line":184,"column":40}},"108":{"start":{"line":185,"column":17},"end":{"line":185,"column":38}},"109":{"start":{"line":187,"column":19},"end":{"line":187,"column":56}},"110":{"start":{"line":188,"column":6},"end":{"line":190,"column":7}},"111":{"start":{"line":189,"column":8},"end":{"line":189,"column":72}},"112":{"start":{"line":192,"column":6},"end":{"line":192,"column":47}},"113":{"start":{"line":193,"column":6},"end":{"line":193,"column":29}},"114":{"start":{"line":195,"column":6},"end":{"line":195,"column":56}},"115":{"start":{"line":196,"column":6},"end":{"line":196,"column":70}},"116":{"start":{"line":200,"column":2},"end":{"line":209,"column":5}},"117":{"start":{"line":200,"column":75},"end":{"line":209,"column":4}},"118":{"start":{"line":201,"column":4},"end":{"line":208,"column":5}},"119":{"start":{"line":202,"column":21},"end":{"line":202,"column":40}},"120":{"start":{"line":203,"column":6},"end":{"line":203,"column":38}},"121":{"start":{"line":204,"column":6},"end":{"line":204,"column":29}},"122":{"start":{"line":206,"column":6},"end":{"line":206,"column":51}},"123":{"start":{"line":207,"column":6},"end":{"line":207,"column":64}},"124":{"start":{"line":212,"column":2},"end":{"line":221,"column":5}},"125":{"start":{"line":212,"column":74},"end":{"line":221,"column":4}},"126":{"start":{"line":213,"column":4},"end":{"line":220,"column":5}},"127":{"start":{"line":214,"column":21},"end":{"line":214,"column":40}},"128":{"start":{"line":215,"column":20},"end":{"line":215,"column":58}},"129":{"start":{"line":216,"column":6},"end":{"line":216,"column":22}},"130":{"start":{"line":218,"column":6},"end":{"line":218,"column":55}},"131":{"start":{"line":219,"column":6},"end":{"line":219,"column":68}},"132":{"start":{"line":223,"column":2},"end":{"line":242,"column":5}},"133":{"start":{"line":223,"column":75},"end":{"line":242,"column":4}},"134":{"start":{"line":224,"column":4},"end":{"line":241,"column":5}},"135":{"start":{"line":225,"column":21},"end":{"line":225,"column":40}},"136":{"start":{"line":226,"column":20},"end":{"line":226,"column":58}},"137":{"start":{"line":228,"column":22},"end":{"line":228,"column":67}},"138":{"start":{"line":229,"column":6},"end":{"line":231,"column":7}},"139":{"start":{"line":230,"column":8},"end":{"line":230,"column":70}},"140":{"start":{"line":233,"column":19},"end":{"line":233,"column":71}},"141":{"start":{"line":234,"column":6},"end":{"line":234,"column":33}},"142":{"start":{"line":236,"column":6},"end":{"line":238,"column":7}},"143":{"start":{"line":237,"column":8},"end":{"line":237,"column":113}},"144":{"start":{"line":239,"column":6},"end":{"line":239,"column":56}},"145":{"start":{"line":240,"column":6},"end":{"line":240,"column":69}},"146":{"start":{"line":244,"column":2},"end":{"line":255,"column":5}},"147":{"start":{"line":244,"column":80},"end":{"line":255,"column":4}},"148":{"start":{"line":245,"column":4},"end":{"line":254,"column":5}},"149":{"start":{"line":246,"column":21},"end":{"line":246,"column":40}},"150":{"start":{"line":247,"column":24},"end":{"line":247,"column":52}},"151":{"start":{"line":249,"column":6},"end":{"line":249,"column":58}},"152":{"start":{"line":250,"column":6},"end":{"line":250,"column":29}},"153":{"start":{"line":252,"column":6},"end":{"line":252,"column":60}},"154":{"start":{"line":253,"column":6},"end":{"line":253,"column":74}},"155":{"start":{"line":258,"column":2},"end":{"line":330,"column":5}},"156":{"start":{"line":258,"column":78},"end":{"line":330,"column":4}},"157":{"start":{"line":259,"column":4},"end":{"line":329,"column":5}},"158":{"start":{"line":260,"column":6},"end":{"line":262,"column":7}},"159":{"start":{"line":261,"column":8},"end":{"line":261,"column":107}},"160":{"start":{"line":264,"column":21},"end":{"line":264,"column":40}},"161":{"start":{"line":265,"column":20},"end":{"line":265,"column":61}},"162":{"start":{"line":268,"column":24},"end":{"line":268,"column":58}},"163":{"start":{"line":269,"column":6},"end":{"line":271,"column":7}},"164":{"start":{"line":270,"column":8},"end":{"line":270,"column":66}},"165":{"start":{"line":274,"column":20},"end":{"line":276,"column":11}},"166":{"start":{"line":275,"column":8},"end":{"line":275,"column":66}},"167":{"start":{"line":279,"column":20},"end":{"line":284,"column":8}},"168":{"start":{"line":287,"column":6},"end":{"line":294,"column":7}},"169":{"start":{"line":288,"column":8},"end":{"line":293,"column":11}},"170":{"start":{"line":297,"column":22},"end":{"line":317,"column":8}},"171":{"start":{"line":299,"column":42},"end":{"line":310,"column":11}},"172":{"start":{"line":320,"column":6},"end":{"line":320,"column":70}},"173":{"start":{"line":322,"column":6},"end":{"line":322,"column":60}},"174":{"start":{"line":324,"column":6},"end":{"line":326,"column":7}},"175":{"start":{"line":325,"column":8},"end":{"line":325,"column":113}},"176":{"start":{"line":327,"column":6},"end":{"line":327,"column":55}},"177":{"start":{"line":328,"column":6},"end":{"line":328,"column":77}},"178":{"start":{"line":332,"column":2},"end":{"line":374,"column":5}},"179":{"start":{"line":332,"column":78},"end":{"line":374,"column":4}},"180":{"start":{"line":333,"column":4},"end":{"line":373,"column":5}},"181":{"start":{"line":334,"column":6},"end":{"line":336,"column":7}},"182":{"start":{"line":335,"column":8},"end":{"line":335,"column":82}},"183":{"start":{"line":338,"column":21},"end":{"line":338,"column":40}},"184":{"start":{"line":339,"column":24},"end":{"line":339,"column":54}},"185":{"start":{"line":340,"column":6},"end":{"line":342,"column":7}},"186":{"start":{"line":341,"column":8},"end":{"line":341,"column":72}},"187":{"start":{"line":344,"column":22},"end":{"line":344,"column":72}},"188":{"start":{"line":346,"column":6},"end":{"line":369,"column":7}},"189":{"start":{"line":347,"column":24},"end":{"line":347,"column":56}},"190":{"start":{"line":350,"column":22},"end":{"line":350,"column":65}},"191":{"start":{"line":351,"column":8},"end":{"line":354,"column":9}},"192":{"start":{"line":352,"column":10},"end":{"line":352,"column":113}},"193":{"start":{"line":353,"column":10},"end":{"line":353,"column":70}},"194":{"start":{"line":357,"column":8},"end":{"line":360,"column":9}},"195":{"start":{"line":358,"column":10},"end":{"line":358,"column":106}},"196":{"start":{"line":359,"column":10},"end":{"line":359,"column":80}},"197":{"start":{"line":362,"column":8},"end":{"line":362,"column":91}},"198":{"start":{"line":363,"column":8},"end":{"line":363,"column":40}},"199":{"start":{"line":365,"column":8},"end":{"line":365,"column":116}},"200":{"start":{"line":366,"column":8},"end":{"line":366,"column":61}},"201":{"start":{"line":368,"column":8},"end":{"line":368,"column":67}},"202":{"start":{"line":371,"column":6},"end":{"line":371,"column":65}},"203":{"start":{"line":372,"column":6},"end":{"line":372,"column":82}},"204":{"start":{"line":377,"column":2},"end":{"line":386,"column":5}},"205":{"start":{"line":377,"column":73},"end":{"line":386,"column":4}},"206":{"start":{"line":378,"column":4},"end":{"line":385,"column":5}},"207":{"start":{"line":379,"column":21},"end":{"line":379,"column":40}},"208":{"start":{"line":380,"column":21},"end":{"line":380,"column":52}},"209":{"start":{"line":381,"column":6},"end":{"line":381,"column":23}},"210":{"start":{"line":383,"column":6},"end":{"line":383,"column":53}},"211":{"start":{"line":384,"column":6},"end":{"line":384,"column":66}},"212":{"start":{"line":388,"column":2},"end":{"line":402,"column":5}},"213":{"start":{"line":388,"column":72},"end":{"line":402,"column":4}},"214":{"start":{"line":389,"column":4},"end":{"line":401,"column":5}},"215":{"start":{"line":390,"column":21},"end":{"line":390,"column":40}},"216":{"start":{"line":391,"column":17},"end":{"line":391,"column":38}},"217":{"start":{"line":393,"column":20},"end":{"line":393,"column":58}},"218":{"start":{"line":394,"column":6},"end":{"line":396,"column":7}},"219":{"start":{"line":395,"column":8},"end":{"line":395,"column":68}},"220":{"start":{"line":397,"column":6},"end":{"line":397,"column":22}},"221":{"start":{"line":399,"column":6},"end":{"line":399,"column":52}},"222":{"start":{"line":400,"column":6},"end":{"line":400,"column":65}},"223":{"start":{"line":405,"column":2},"end":{"line":405,"column":23}},"224":{"start":{"line":407,"column":2},"end":{"line":407,"column":20}},"225":{"start":{"line":411,"column":2},"end":{"line":616,"column":3}},"226":{"start":{"line":412,"column":31},"end":{"line":412,"column":60}},"227":{"start":{"line":413,"column":4},"end":{"line":415,"column":5}},"228":{"start":{"line":414,"column":6},"end":{"line":414,"column":13}},"229":{"start":{"line":417,"column":4},"end":{"line":417,"column":59}},"230":{"start":{"line":420,"column":18},"end":{"line":425,"column":6}},"231":{"start":{"line":427,"column":22},"end":{"line":432,"column":6}},"232":{"start":{"line":434,"column":22},"end":{"line":439,"column":6}},"233":{"start":{"line":441,"column":21},"end":{"line":446,"column":6}},"234":{"start":{"line":449,"column":25},"end":{"line":607,"column":6}},"235":{"start":{"line":609,"column":4},"end":{"line":611,"column":5}},"236":{"start":{"line":610,"column":6},"end":{"line":610,"column":43}},"237":{"start":{"line":613,"column":4},"end":{"line":613,"column":69}},"238":{"start":{"line":615,"column":4},"end":{"line":615,"column":52}}},"fnMap":{"0":{"name":"registerRoutes","decl":{"start":{"line":15,"column":22},"end":{"line":15,"column":36}},"loc":{"start":{"line":17,"column":14},"end":{"line":408,"column":null}}},"1":{"name":"(anonymous_10)","decl":{"start":{"line":24,"column":36},"end":{"line":24,"column":43}},"loc":{"start":{"line":24,"column":55},"end":{"line":32,"column":4}}},"2":{"name":"(anonymous_11)","decl":{"start":{"line":24,"column":55},"end":{"line":24,"column":null}},"loc":{"start":{"line":24,"column":55},"end":{"line":32,"column":3}}},"3":{"name":"(anonymous_12)","decl":{"start":{"line":34,"column":35},"end":{"line":34,"column":42}},"loc":{"start":{"line":34,"column":54},"end":{"line":45,"column":4}}},"4":{"name":"(anonymous_13)","decl":{"start":{"line":34,"column":54},"end":{"line":34,"column":null}},"loc":{"start":{"line":34,"column":54},"end":{"line":45,"column":3}}},"5":{"name":"(anonymous_14)","decl":{"start":{"line":49,"column":36},"end":{"line":49,"column":43}},"loc":{"start":{"line":49,"column":55},"end":{"line":57,"column":4}}},"6":{"name":"(anonymous_15)","decl":{"start":{"line":49,"column":55},"end":{"line":49,"column":null}},"loc":{"start":{"line":49,"column":55},"end":{"line":57,"column":3}}},"7":{"name":"(anonymous_16)","decl":{"start":{"line":60,"column":40},"end":{"line":60,"column":47}},"loc":{"start":{"line":60,"column":59},"end":{"line":68,"column":4}}},"8":{"name":"(anonymous_17)","decl":{"start":{"line":60,"column":59},"end":{"line":60,"column":null}},"loc":{"start":{"line":60,"column":59},"end":{"line":68,"column":3}}},"9":{"name":"(anonymous_18)","decl":{"start":{"line":71,"column":34},"end":{"line":71,"column":41}},"loc":{"start":{"line":71,"column":53},"end":{"line":86,"column":4}}},"10":{"name":"(anonymous_19)","decl":{"start":{"line":71,"column":53},"end":{"line":71,"column":null}},"loc":{"start":{"line":71,"column":53},"end":{"line":86,"column":3}}},"11":{"name":"(anonymous_20)","decl":{"start":{"line":89,"column":34},"end":{"line":89,"column":41}},"loc":{"start":{"line":89,"column":53},"end":{"line":111,"column":4}}},"12":{"name":"(anonymous_21)","decl":{"start":{"line":89,"column":53},"end":{"line":89,"column":null}},"loc":{"start":{"line":89,"column":53},"end":{"line":111,"column":3}}},"13":{"name":"(anonymous_22)","decl":{"start":{"line":114,"column":33},"end":{"line":114,"column":40}},"loc":{"start":{"line":114,"column":52},"end":{"line":125,"column":4}}},"14":{"name":"(anonymous_23)","decl":{"start":{"line":114,"column":52},"end":{"line":114,"column":null}},"loc":{"start":{"line":114,"column":52},"end":{"line":125,"column":3}}},"15":{"name":"(anonymous_24)","decl":{"start":{"line":128,"column":46},"end":{"line":128,"column":53}},"loc":{"start":{"line":128,"column":70},"end":{"line":137,"column":4}}},"16":{"name":"(anonymous_25)","decl":{"start":{"line":128,"column":70},"end":{"line":128,"column":null}},"loc":{"start":{"line":128,"column":70},"end":{"line":137,"column":3}}},"17":{"name":"(anonymous_26)","decl":{"start":{"line":139,"column":47},"end":{"line":139,"column":54}},"loc":{"start":{"line":139,"column":71},"end":{"line":158,"column":4}}},"18":{"name":"(anonymous_27)","decl":{"start":{"line":139,"column":71},"end":{"line":139,"column":null}},"loc":{"start":{"line":139,"column":71},"end":{"line":158,"column":3}}},"19":{"name":"(anonymous_28)","decl":{"start":{"line":160,"column":51},"end":{"line":160,"column":58}},"loc":{"start":{"line":160,"column":75},"end":{"line":180,"column":4}}},"20":{"name":"(anonymous_29)","decl":{"start":{"line":160,"column":75},"end":{"line":160,"column":null}},"loc":{"start":{"line":160,"column":75},"end":{"line":180,"column":3}}},"21":{"name":"(anonymous_30)","decl":{"start":{"line":182,"column":52},"end":{"line":182,"column":59}},"loc":{"start":{"line":182,"column":76},"end":{"line":198,"column":4}}},"22":{"name":"(anonymous_31)","decl":{"start":{"line":182,"column":76},"end":{"line":182,"column":null}},"loc":{"start":{"line":182,"column":76},"end":{"line":198,"column":3}}},"23":{"name":"(anonymous_32)","decl":{"start":{"line":200,"column":51},"end":{"line":200,"column":58}},"loc":{"start":{"line":200,"column":75},"end":{"line":209,"column":4}}},"24":{"name":"(anonymous_33)","decl":{"start":{"line":200,"column":75},"end":{"line":200,"column":null}},"loc":{"start":{"line":200,"column":75},"end":{"line":209,"column":3}}},"25":{"name":"(anonymous_34)","decl":{"start":{"line":212,"column":50},"end":{"line":212,"column":57}},"loc":{"start":{"line":212,"column":74},"end":{"line":221,"column":4}}},"26":{"name":"(anonymous_35)","decl":{"start":{"line":212,"column":74},"end":{"line":212,"column":null}},"loc":{"start":{"line":212,"column":74},"end":{"line":221,"column":3}}},"27":{"name":"(anonymous_36)","decl":{"start":{"line":223,"column":51},"end":{"line":223,"column":58}},"loc":{"start":{"line":223,"column":75},"end":{"line":242,"column":4}}},"28":{"name":"(anonymous_37)","decl":{"start":{"line":223,"column":75},"end":{"line":223,"column":null}},"loc":{"start":{"line":223,"column":75},"end":{"line":242,"column":3}}},"29":{"name":"(anonymous_38)","decl":{"start":{"line":244,"column":56},"end":{"line":244,"column":63}},"loc":{"start":{"line":244,"column":80},"end":{"line":255,"column":4}}},"30":{"name":"(anonymous_39)","decl":{"start":{"line":244,"column":80},"end":{"line":244,"column":null}},"loc":{"start":{"line":244,"column":80},"end":{"line":255,"column":3}}},"31":{"name":"(anonymous_40)","decl":{"start":{"line":258,"column":54},"end":{"line":258,"column":61}},"loc":{"start":{"line":258,"column":78},"end":{"line":330,"column":4}}},"32":{"name":"(anonymous_41)","decl":{"start":{"line":258,"column":78},"end":{"line":258,"column":null}},"loc":{"start":{"line":258,"column":78},"end":{"line":330,"column":3}}},"33":{"name":"(anonymous_42)","decl":{"start":{"line":274,"column":37},"end":{"line":274,"column":38}},"loc":{"start":{"line":274,"column":51},"end":{"line":276,"column":7}}},"34":{"name":"(anonymous_43)","decl":{"start":{"line":299,"column":34},"end":{"line":299,"column":38}},"loc":{"start":{"line":299,"column":41},"end":{"line":310,"column":11}}},"35":{"name":"(anonymous_44)","decl":{"start":{"line":332,"column":54},"end":{"line":332,"column":61}},"loc":{"start":{"line":332,"column":78},"end":{"line":374,"column":4}}},"36":{"name":"(anonymous_45)","decl":{"start":{"line":332,"column":78},"end":{"line":332,"column":null}},"loc":{"start":{"line":332,"column":78},"end":{"line":374,"column":3}}},"37":{"name":"(anonymous_46)","decl":{"start":{"line":377,"column":49},"end":{"line":377,"column":56}},"loc":{"start":{"line":377,"column":73},"end":{"line":386,"column":4}}},"38":{"name":"(anonymous_47)","decl":{"start":{"line":377,"column":73},"end":{"line":377,"column":null}},"loc":{"start":{"line":377,"column":73},"end":{"line":386,"column":3}}},"39":{"name":"(anonymous_48)","decl":{"start":{"line":388,"column":48},"end":{"line":388,"column":55}},"loc":{"start":{"line":388,"column":72},"end":{"line":402,"column":4}}},"40":{"name":"(anonymous_49)","decl":{"start":{"line":388,"column":72},"end":{"line":388,"column":null}},"loc":{"start":{"line":388,"column":72},"end":{"line":402,"column":3}}},"41":{"name":"seedDatabase","decl":{"start":{"line":410,"column":15},"end":{"line":410,"column":27}},"loc":{"start":{"line":410,"column":27},"end":{"line":617,"column":null}}}},"branchMap":{"0":{"loc":{"start":{"line":11,"column":15},"end":{"line":13,"column":8}},"type":"cond-expr","locations":[{"start":{"line":12,"column":4},"end":{"line":12,"column":82}},{"start":{"line":13,"column":4},"end":{"line":13,"column":8}}]},"1":{"loc":{"start":{"line":37,"column":6},"end":{"line":39,"column":7}},"type":"if","locations":[{"start":{"line":37,"column":6},"end":{"line":39,"column":7}},{"start":{},"end":{}}]},"2":{"loc":{"start":{"line":74,"column":20},"end":{"line":74,"column":66}},"type":"cond-expr","locations":[{"start":{"line":74,"column":38},"end":{"line":74,"column":61}},{"start":{"line":74,"column":64},"end":{"line":74,"column":66}}]},"3":{"loc":{"start":{"line":76,"column":6},"end":{"line":78,"column":7}},"type":"if","locations":[{"start":{"line":76,"column":6},"end":{"line":78,"column":7}},{"start":{},"end":{}}]},"4":{"loc":{"start":{"line":94,"column":18},"end":{"line":94,"column":77}},"type":"cond-expr","locations":[{"start":{"line":94,"column":39},"end":{"line":94,"column":65}},{"start":{"line":94,"column":68},"end":{"line":94,"column":77}}]},"5":{"loc":{"start":{"line":95,"column":18},"end":{"line":95,"column":77}},"type":"cond-expr","locations":[{"start":{"line":95,"column":39},"end":{"line":95,"column":65}},{"start":{"line":95,"column":68},"end":{"line":95,"column":77}}]},"6":{"loc":{"start":{"line":97,"column":17},"end":{"line":97,"column":104}},"type":"cond-expr","locations":[{"start":{"line":97,"column":48},"end":{"line":97,"column":52}},{"start":{"line":97,"column":55},"end":{"line":97,"column":104}}]},"7":{"loc":{"start":{"line":97,"column":55},"end":{"line":97,"column":104}},"type":"cond-expr","locations":[{"start":{"line":97,"column":87},"end":{"line":97,"column":92}},{"start":{"line":97,"column":95},"end":{"line":97,"column":104}}]},"8":{"loc":{"start":{"line":98,"column":20},"end":{"line":98,"column":70}},"type":"cond-expr","locations":[{"start":{"line":98,"column":54},"end":{"line":98,"column":58}},{"start":{"line":98,"column":61},"end":{"line":98,"column":70}}]},"9":{"loc":{"start":{"line":99,"column":22},"end":{"line":99,"column":74}},"type":"cond-expr","locations":[{"start":{"line":99,"column":58},"end":{"line":99,"column":62}},{"start":{"line":99,"column":65},"end":{"line":99,"column":74}}]},"10":{"loc":{"start":{"line":101,"column":15},"end":{"line":101,"column":68}},"type":"cond-expr","locations":[{"start":{"line":101,"column":33},"end":{"line":101,"column":56}},{"start":{"line":101,"column":59},"end":{"line":101,"column":68}}]},"11":{"loc":{"start":{"line":102,"column":16},"end":{"line":102,"column":71}},"type":"cond-expr","locations":[{"start":{"line":102,"column":35},"end":{"line":102,"column":59}},{"start":{"line":102,"column":62},"end":{"line":102,"column":71}}]},"12":{"loc":{"start":{"line":117,"column":6},"end":{"line":119,"column":7}},"type":"if","locations":[{"start":{"line":117,"column":6},"end":{"line":119,"column":7}},{"start":{},"end":{}}]},"13":{"loc":{"start":{"line":145,"column":6},"end":{"line":147,"column":7}},"type":"if","locations":[{"start":{"line":145,"column":6},"end":{"line":147,"column":7}},{"start":{},"end":{}}]},"14":{"loc":{"start":{"line":149,"column":72},"end":{"line":149,"column":91}},"type":"binary-expr","locations":[{"start":{"line":149,"column":72},"end":{"line":149,"column":86}},{"start":{"line":149,"column":90},"end":{"line":149,"column":91}}]},"15":{"loc":{"start":{"line":152,"column":6},"end":{"line":154,"column":7}},"type":"if","locations":[{"start":{"line":152,"column":6},"end":{"line":154,"column":7}},{"start":{},"end":{}}]},"16":{"loc":{"start":{"line":167,"column":6},"end":{"line":169,"column":7}},"type":"if","locations":[{"start":{"line":167,"column":6},"end":{"line":169,"column":7}},{"start":{},"end":{}}]},"17":{"loc":{"start":{"line":174,"column":6},"end":{"line":176,"column":7}},"type":"if","locations":[{"start":{"line":174,"column":6},"end":{"line":176,"column":7}},{"start":{},"end":{}}]},"18":{"loc":{"start":{"line":188,"column":6},"end":{"line":190,"column":7}},"type":"if","locations":[{"start":{"line":188,"column":6},"end":{"line":190,"column":7}},{"start":{},"end":{}}]},"19":{"loc":{"start":{"line":229,"column":6},"end":{"line":231,"column":7}},"type":"if","locations":[{"start":{"line":229,"column":6},"end":{"line":231,"column":7}},{"start":{},"end":{}}]},"20":{"loc":{"start":{"line":236,"column":6},"end":{"line":238,"column":7}},"type":"if","locations":[{"start":{"line":236,"column":6},"end":{"line":238,"column":7}},{"start":{},"end":{}}]},"21":{"loc":{"start":{"line":260,"column":6},"end":{"line":262,"column":7}},"type":"if","locations":[{"start":{"line":260,"column":6},"end":{"line":262,"column":7}},{"start":{},"end":{}}]},"22":{"loc":{"start":{"line":269,"column":6},"end":{"line":271,"column":7}},"type":"if","locations":[{"start":{"line":269,"column":6},"end":{"line":271,"column":7}},{"start":{},"end":{}}]},"23":{"loc":{"start":{"line":305,"column":22},"end":{"line":305,"column":81}},"type":"cond-expr","locations":[{"start":{"line":305,"column":52},"end":{"line":305,"column":76}},{"start":{"line":305,"column":79},"end":{"line":305,"column":81}}]},"24":{"loc":{"start":{"line":305,"column":22},"end":{"line":305,"column":49}},"type":"cond-expr","locations":[{"start":{"line":305,"column":41},"end":{"line":305,"column":43}},{"start":{"line":305,"column":41},"end":{"line":305,"column":49}}]},"25":{"loc":{"start":{"line":305,"column":22},"end":{"line":305,"column":43}},"type":"binary-expr","locations":[{"start":{"line":305,"column":22},"end":{"line":305,"column":43}},{"start":{"line":305,"column":41},"end":{"line":305,"column":43}}]},"26":{"loc":{"start":{"line":324,"column":6},"end":{"line":326,"column":7}},"type":"if","locations":[{"start":{"line":324,"column":6},"end":{"line":326,"column":7}},{"start":{},"end":{}}]},"27":{"loc":{"start":{"line":334,"column":6},"end":{"line":336,"column":7}},"type":"if","locations":[{"start":{"line":334,"column":6},"end":{"line":336,"column":7}},{"start":{},"end":{}}]},"28":{"loc":{"start":{"line":340,"column":6},"end":{"line":342,"column":7}},"type":"if","locations":[{"start":{"line":340,"column":6},"end":{"line":342,"column":7}},{"start":{},"end":{}}]},"29":{"loc":{"start":{"line":346,"column":6},"end":{"line":369,"column":7}},"type":"if","locations":[{"start":{"line":346,"column":6},"end":{"line":369,"column":7}},{"start":{"line":367,"column":13},"end":{"line":369,"column":7}}]},"30":{"loc":{"start":{"line":346,"column":10},"end":{"line":346,"column":74}},"type":"binary-expr","locations":[{"start":{"line":346,"column":10},"end":{"line":346,"column":43}},{"start":{"line":346,"column":47},"end":{"line":346,"column":72}}]},"31":{"loc":{"start":{"line":346,"column":47},"end":{"line":346,"column":72}},"type":"cond-expr","locations":[{"start":{"line":346,"column":63},"end":{"line":346,"column":65}},{"start":{"line":346,"column":63},"end":{"line":346,"column":72}}]},"32":{"loc":{"start":{"line":346,"column":47},"end":{"line":346,"column":65}},"type":"binary-expr","locations":[{"start":{"line":346,"column":47},"end":{"line":346,"column":65}},{"start":{"line":346,"column":63},"end":{"line":346,"column":65}}]},"33":{"loc":{"start":{"line":351,"column":8},"end":{"line":354,"column":9}},"type":"if","locations":[{"start":{"line":351,"column":8},"end":{"line":354,"column":9}},{"start":{},"end":{}}]},"34":{"loc":{"start":{"line":357,"column":8},"end":{"line":360,"column":9}},"type":"if","locations":[{"start":{"line":357,"column":8},"end":{"line":360,"column":9}},{"start":{},"end":{}}]},"35":{"loc":{"start":{"line":394,"column":6},"end":{"line":396,"column":7}},"type":"if","locations":[{"start":{"line":394,"column":6},"end":{"line":396,"column":7}},{"start":{},"end":{}}]},"36":{"loc":{"start":{"line":413,"column":4},"end":{"line":415,"column":5}},"type":"if","locations":[{"start":{"line":413,"column":4},"end":{"line":415,"column":5}},{"start":{},"end":{}}]}},"s":{"0":0,"1":0,"2":0,"3":0,"4":0,"5":0,"6":0,"7":0,"8":0,"9":0,"10":0,"11":0,"12":0,"13":0,"14":0,"15":0,"16":0,"17":0,"18":0,"19":0,"20":0,"21":0,"22":0,"23":0,"24":0,"25":0,"26":0,"27":0,"28":0,"29":0,"30":0,"31":0,"32":0,"33":0,"34":0,"35":0,"36":0,"37":0,"38":0,"39":0,"40":0,"41":0,"42":0,"43":0,"44":0,"45":0,"46":0,"47":0,"48":0,"49":0,"50":0,"51":0,"52":0,"53":0,"54":0,"55":0,"56":0,"57":0,"58":0,"59":0,"60":0,"61":0,"62":0,"63":0,"64":0,"65":0,"66":0,"67":0,"68":0,"69":0,"70":0,"71":0,"72":0,"73":0,"74":0,"75":0,"76":0,"77":0,"78":0,"79":0,"80":0,"81":0,"82":0,"83":0,"84":0,"85":0,"86":0,"87":0,"88":0,"89":0,"90":0,"91":0,"92":0,"93":0,"94":0,"95":0,"96":0,"97":0,"98":0,"99":0,"100":0,"101":0,"102":0,"103":0,"104":0,"105":0,"106":0,"107":0,"108":0,"109":0,"110":0,"111":0,"112":0,"113":0,"114":0,"115":0,"116":0,"117":0,"118":0,"119":0,"120":0,"121":0,"122":0,"123":0,"124":0,"125":0,"126":0,"127":0,"128":0,"129":0,"130":0,"131":0,"132":0,"133":0,"134":0,"135":0,"136":0,"137":0,"138":0,"139":0,"140":0,"141":0,"142":0,"143":0,"144":0,"145":0,"146":0,"147":0,"148":0,"149":0,"150":0,"151":0,"152":0,"153":0,"154":0,"155":0,"156":0,"157":0,"158":0,"159":0,"160":0,"161":0,"162":0,"163":0,"164":0,"165":0,"166":0,"167":0,"168":0,"169":0,"170":0,"171":0,"172":0,"173":0,"174":0,"175":0,"176":0,"177":0,"178":0,"179":0,"180":0,"181":0,"182":0,"183":0,"184":0,"185":0,"186":0,"187":0,"188":0,"189":0,"190":0,"191":0,"192":0,"193":0,"194":0,"195":0,"196":0,"197":0,"198":0,"199":0,"200":0,"201":0,"202":0,"203":0,"204":0,"205":0,"206":0,"207":0,"208":0,"209":0,"210":0,"211":0,"212":0,"213":0,"214":0,"215":0,"216":0,"217":0,"218":0,"219":0,"220":0,"221":0,"222":0,"223":0,"224":0,"225":0,"226":0,"227":0,"228":0,"229":0,"230":0,"231":0,"232":0,"233":0,"234":0,"235":0,"236":0,"237":0,"238":0},"f":{"0":0,"1":0,"2":0,"3":0,"4":0,"5":0,"6":0,"7":0,"8":0,"9":0,"10":0,"11":0,"12":0,"13":0,"14":0,"15":0,"16":0,"17":0,"18":0,"19":0,"20":0,"21":0,"22":0,"23":0,"24":0,"25":0,"26":0,"27":0,"28":0,"29":0,"30":0,"31":0,"32":0,"33":0,"34":0,"35":0,"36":0,"37":0,"38":0,"39":0,"40":0,"41":0},"b":{"0":[0,0],"1":[0,0],"2":[0,0],"3":[0,0],"4":[0,0],"5":[0,0],"6":[0,0],"7":[0,0],"8":[0,0],"9":[0,0],"10":[0,0],"11":[0,0],"12":[0,0],"13":[0,0],"14":[0,0],"15":[0,0],"16":[0,0],"17":[0,0],"18":[0,0],"19":[0,0],"20":[0,0],"21":[0,0],"22":[0,0],"23":[0,0],"24":[0,0],"25":[0,0],"26":[0,0],"27":[0,0],"28":[0,0],"29":[0,0],"30":[0,0],"31":[0,0],"32":[0,0],"33":[0,0],"34":[0,0],"35":[0,0],"36":[0,0]}}
,"/workspaces/Marjahans-by-replit/server/storage.ts": {"path":"/workspaces/Marjahans-by-replit/server/storage.ts","statementMap":{"0":{"start":{"line":1,"column":0},"end":{"line":1,"column":26}},"1":{"start":{"line":2,"column":0},"end":{"line":2,"column":null}},"2":{"start":{"line":23,"column":0},"end":{"line":23,"column":75}},"3":{"start":{"line":66,"column":4},"end":{"line":66,"column":71}},"4":{"start":{"line":70,"column":23},"end":{"line":70,"column":90}},"5":{"start":{"line":71,"column":4},"end":{"line":71,"column":20}},"6":{"start":{"line":75,"column":22},"end":{"line":75,"column":78}},"7":{"start":{"line":76,"column":4},"end":{"line":76,"column":19}},"8":{"start":{"line":81,"column":16},"end":{"line":81,"column":53}},"9":{"start":{"line":83,"column":23},"end":{"line":83,"column":25}},"10":{"start":{"line":85,"column":4},"end":{"line":90,"column":5}},"11":{"start":{"line":86,"column":23},"end":{"line":86,"column":72}},"12":{"start":{"line":87,"column":6},"end":{"line":89,"column":7}},"13":{"start":{"line":88,"column":8},"end":{"line":88,"column":62}},"14":{"start":{"line":92,"column":4},"end":{"line":99,"column":5}},"15":{"start":{"line":93,"column":6},"end":{"line":98,"column":8}},"16":{"start":{"line":101,"column":4},"end":{"line":103,"column":5}},"17":{"start":{"line":102,"column":6},"end":{"line":102,"column":71}},"18":{"start":{"line":105,"column":4},"end":{"line":107,"column":5}},"19":{"start":{"line":106,"column":6},"end":{"line":106,"column":71}},"20":{"start":{"line":109,"column":4},"end":{"line":111,"column":5}},"21":{"start":{"line":110,"column":6},"end":{"line":110,"column":62}},"22":{"start":{"line":113,"column":4},"end":{"line":115,"column":5}},"23":{"start":{"line":114,"column":6},"end":{"line":114,"column":60}},"24":{"start":{"line":117,"column":4},"end":{"line":119,"column":5}},"25":{"start":{"line":118,"column":6},"end":{"line":118,"column":66}},"26":{"start":{"line":121,"column":4},"end":{"line":123,"column":5}},"27":{"start":{"line":122,"column":6},"end":{"line":122,"column":70}},"28":{"start":{"line":125,"column":4},"end":{"line":127,"column":5}},"29":{"start":{"line":126,"column":6},"end":{"line":126,"column":46}},"30":{"start":{"line":130,"column":4},"end":{"line":145,"column":5}},"31":{"start":{"line":132,"column":8},"end":{"line":132,"column":51}},"32":{"start":{"line":133,"column":8},"end":{"line":133,"column":14}},"33":{"start":{"line":135,"column":8},"end":{"line":135,"column":52}},"34":{"start":{"line":136,"column":8},"end":{"line":136,"column":14}},"35":{"start":{"line":138,"column":8},"end":{"line":138,"column":56}},"36":{"start":{"line":139,"column":8},"end":{"line":139,"column":14}},"37":{"start":{"line":141,"column":8},"end":{"line":141,"column":50}},"38":{"start":{"line":142,"column":8},"end":{"line":142,"column":14}},"39":{"start":{"line":144,"column":8},"end":{"line":144,"column":56}},"40":{"start":{"line":147,"column":4},"end":{"line":149,"column":5}},"41":{"start":{"line":148,"column":6},"end":{"line":148,"column":40}},"42":{"start":{"line":151,"column":4},"end":{"line":153,"column":5}},"43":{"start":{"line":152,"column":6},"end":{"line":152,"column":42}},"44":{"start":{"line":155,"column":4},"end":{"line":155,"column":23}},"45":{"start":{"line":159,"column":19},"end":{"line":166,"column":37}},"46":{"start":{"line":168,"column":4},"end":{"line":168,"column":46}},"47":{"start":{"line":168,"column":29},"end":{"line":168,"column":46}},"48":{"start":{"line":170,"column":4},"end":{"line":172,"column":null}},"49":{"start":{"line":177,"column":22},"end":{"line":177,"column":81}},"50":{"start":{"line":178,"column":4},"end":{"line":178,"column":19}},"51":{"start":{"line":181,"column":28},"end":{"line":187,"column":null}},"52":{"start":{"line":182,"column":4},"end":{"line":186,"column":20}},"53":{"start":{"line":189,"column":23},"end":{"line":196,"column":null}},"54":{"start":{"line":190,"column":4},"end":{"line":195,"column":20}},"55":{"start":{"line":198,"column":23},"end":{"line":211,"column":null}},"56":{"start":{"line":199,"column":4},"end":{"line":210,"column":20}},"57":{"start":{"line":214,"column":22},"end":{"line":214,"column":75}},"58":{"start":{"line":215,"column":4},"end":{"line":215,"column":19}},"59":{"start":{"line":220,"column":19},"end":{"line":227,"column":42}},"60":{"start":{"line":229,"column":4},"end":{"line":232,"column":8}},"61":{"start":{"line":229,"column":27},"end":{"line":231,"column":null}},"62":{"start":{"line":236,"column":19},"end":{"line":239,"column":69}},"63":{"start":{"line":240,"column":4},"end":{"line":240,"column":16}},"64":{"start":{"line":244,"column":19},"end":{"line":247,"column":83}},"65":{"start":{"line":248,"column":4},"end":{"line":248,"column":16}},"66":{"start":{"line":253,"column":21},"end":{"line":253,"column":71}},"67":{"start":{"line":254,"column":4},"end":{"line":261,"column":5}},"68":{"start":{"line":255,"column":24},"end":{"line":259,"column":20}},"69":{"start":{"line":260,"column":6},"end":{"line":260,"column":21}},"70":{"start":{"line":263,"column":22},"end":{"line":266,"column":18}},"71":{"start":{"line":267,"column":4},"end":{"line":267,"column":19}},"72":{"start":{"line":271,"column":22},"end":{"line":275,"column":18}},"73":{"start":{"line":276,"column":4},"end":{"line":276,"column":19}},"74":{"start":{"line":280,"column":4},"end":{"line":282,"column":70}},"75":{"start":{"line":286,"column":4},"end":{"line":286,"column":67}},"76":{"start":{"line":291,"column":19},"end":{"line":298,"column":46}},"77":{"start":{"line":300,"column":4},"end":{"line":303,"column":8}},"78":{"start":{"line":300,"column":27},"end":{"line":302,"column":null}},"79":{"start":{"line":308,"column":21},"end":{"line":308,"column":63}},"80":{"start":{"line":309,"column":4},"end":{"line":315,"column":5}},"81":{"start":{"line":310,"column":21},"end":{"line":313,"column":93}},"82":{"start":{"line":314,"column":6},"end":{"line":314,"column":18}},"83":{"start":{"line":317,"column":22},"end":{"line":320,"column":18}},"84":{"start":{"line":321,"column":4},"end":{"line":321,"column":19}},"85":{"start":{"line":325,"column":4},"end":{"line":327,"column":92}},"86":{"start":{"line":331,"column":19},"end":{"line":334,"column":91}},"87":{"start":{"line":335,"column":4},"end":{"line":335,"column":18}},"88":{"start":{"line":340,"column":4},"end":{"line":344,"column":39}},"89":{"start":{"line":348,"column":20},"end":{"line":351,"column":63}},"90":{"start":{"line":352,"column":4},"end":{"line":352,"column":17}},"91":{"start":{"line":356,"column":22},"end":{"line":356,"column":71}},"92":{"start":{"line":357,"column":4},"end":{"line":357,"column":19}},"93":{"start":{"line":361,"column":25},"end":{"line":361,"column":58}},"94":{"start":{"line":362,"column":4},"end":{"line":364,"column":5}},"95":{"start":{"line":363,"column":6},"end":{"line":363,"column":54}},"96":{"start":{"line":365,"column":22},"end":{"line":369,"column":18}},"97":{"start":{"line":370,"column":4},"end":{"line":370,"column":19}},"98":{"start":{"line":374,"column":22},"end":{"line":374,"column":74}},"99":{"start":{"line":375,"column":4},"end":{"line":375,"column":19}},"100":{"start":{"line":63,"column":0},"end":{"line":63,"column":13}},"101":{"start":{"line":379,"column":13},"end":{"line":379,"column":45}}},"fnMap":{"0":{"name":"(anonymous_7)","decl":{"start":{"line":65,"column":8},"end":{"line":65,"column":21}},"loc":{"start":{"line":65,"column":21},"end":{"line":67,"column":null}}},"1":{"name":"(anonymous_9)","decl":{"start":{"line":69,"column":8},"end":{"line":69,"column":25}},"loc":{"start":{"line":69,"column":38},"end":{"line":72,"column":null}}},"2":{"name":"(anonymous_11)","decl":{"start":{"line":74,"column":8},"end":{"line":74,"column":22}},"loc":{"start":{"line":74,"column":47},"end":{"line":77,"column":null}}},"3":{"name":"(anonymous_13)","decl":{"start":{"line":80,"column":8},"end":{"line":80,"column":19}},"loc":{"start":{"line":80,"column":48},"end":{"line":156,"column":null}}},"4":{"name":"(anonymous_15)","decl":{"start":{"line":158,"column":8},"end":{"line":158,"column":24}},"loc":{"start":{"line":158,"column":37},"end":{"line":174,"column":null}}},"5":{"name":"(anonymous_17)","decl":{"start":{"line":176,"column":8},"end":{"line":176,"column":22}},"loc":{"start":{"line":176,"column":33},"end":{"line":179,"column":null}}},"6":{"name":"(anonymous_19)","decl":{"start":{"line":181,"column":8},"end":{"line":181,"column":27}},"loc":{"start":{"line":181,"column":27},"end":{"line":187,"column":null}}},"7":{"name":"(anonymous_20)","decl":{"start":{"line":181,"column":28},"end":{"line":181,"column":33}},"loc":{"start":{"line":181,"column":37},"end":{"line":187,"column":3}}},"8":{"name":"(anonymous_21)","decl":{"start":{"line":189,"column":8},"end":{"line":189,"column":22}},"loc":{"start":{"line":189,"column":22},"end":{"line":196,"column":null}}},"9":{"name":"(anonymous_22)","decl":{"start":{"line":189,"column":23},"end":{"line":189,"column":28}},"loc":{"start":{"line":189,"column":32},"end":{"line":196,"column":3}}},"10":{"name":"(anonymous_23)","decl":{"start":{"line":198,"column":8},"end":{"line":198,"column":22}},"loc":{"start":{"line":198,"column":22},"end":{"line":211,"column":null}}},"11":{"name":"(anonymous_24)","decl":{"start":{"line":198,"column":23},"end":{"line":198,"column":36}},"loc":{"start":{"line":198,"column":48},"end":{"line":211,"column":3}}},"12":{"name":"(anonymous_25)","decl":{"start":{"line":213,"column":8},"end":{"line":213,"column":21}},"loc":{"start":{"line":213,"column":44},"end":{"line":216,"column":null}}},"13":{"name":"(anonymous_27)","decl":{"start":{"line":219,"column":8},"end":{"line":219,"column":20}},"loc":{"start":{"line":219,"column":35},"end":{"line":233,"column":null}}},"14":{"name":"(anonymous_29)","decl":{"start":{"line":229,"column":22},"end":{"line":229,"column":23}},"loc":{"start":{"line":229,"column":27},"end":{"line":231,"column":null}}},"15":{"name":"(anonymous_30)","decl":{"start":{"line":235,"column":8},"end":{"line":235,"column":19}},"loc":{"start":{"line":235,"column":46},"end":{"line":241,"column":null}}},"16":{"name":"(anonymous_32)","decl":{"start":{"line":243,"column":8},"end":{"line":243,"column":28}},"loc":{"start":{"line":243,"column":62},"end":{"line":249,"column":null}}},"17":{"name":"(anonymous_34)","decl":{"start":{"line":251,"column":8},"end":{"line":251,"column":17}},"loc":{"start":{"line":251,"column":69},"end":{"line":268,"column":null}}},"18":{"name":"(anonymous_36)","decl":{"start":{"line":270,"column":8},"end":{"line":270,"column":22}},"loc":{"start":{"line":270,"column":67},"end":{"line":277,"column":null}}},"19":{"name":"(anonymous_38)","decl":{"start":{"line":279,"column":8},"end":{"line":279,"column":22}},"loc":{"start":{"line":279,"column":49},"end":{"line":283,"column":null}}},"20":{"name":"(anonymous_40)","decl":{"start":{"line":285,"column":8},"end":{"line":285,"column":17}},"loc":{"start":{"line":285,"column":32},"end":{"line":287,"column":null}}},"21":{"name":"(anonymous_42)","decl":{"start":{"line":290,"column":8},"end":{"line":290,"column":24}},"loc":{"start":{"line":290,"column":39},"end":{"line":304,"column":null}}},"22":{"name":"(anonymous_44)","decl":{"start":{"line":300,"column":22},"end":{"line":300,"column":23}},"loc":{"start":{"line":300,"column":27},"end":{"line":302,"column":null}}},"23":{"name":"(anonymous_45)","decl":{"start":{"line":306,"column":8},"end":{"line":306,"column":21}},"loc":{"start":{"line":306,"column":55},"end":{"line":322,"column":null}}},"24":{"name":"(anonymous_47)","decl":{"start":{"line":324,"column":8},"end":{"line":324,"column":26}},"loc":{"start":{"line":324,"column":60},"end":{"line":328,"column":null}}},"25":{"name":"(anonymous_49)","decl":{"start":{"line":330,"column":8},"end":{"line":330,"column":20}},"loc":{"start":{"line":330,"column":54},"end":{"line":336,"column":null}}},"26":{"name":"(anonymous_51)","decl":{"start":{"line":339,"column":8},"end":{"line":339,"column":17}},"loc":{"start":{"line":339,"column":32},"end":{"line":345,"column":null}}},"27":{"name":"(anonymous_53)","decl":{"start":{"line":347,"column":8},"end":{"line":347,"column":20}},"loc":{"start":{"line":347,"column":47},"end":{"line":353,"column":null}}},"28":{"name":"(anonymous_55)","decl":{"start":{"line":355,"column":8},"end":{"line":355,"column":19}},"loc":{"start":{"line":355,"column":38},"end":{"line":358,"column":null}}},"29":{"name":"(anonymous_57)","decl":{"start":{"line":360,"column":8},"end":{"line":360,"column":25}},"loc":{"start":{"line":360,"column":78},"end":{"line":371,"column":null}}},"30":{"name":"(anonymous_59)","decl":{"start":{"line":373,"column":8},"end":{"line":373,"column":23}},"loc":{"start":{"line":373,"column":45},"end":{"line":376,"column":null}}}},"branchMap":{"0":{"loc":{"start":{"line":85,"column":4},"end":{"line":90,"column":5}},"type":"if","locations":[{"start":{"line":85,"column":4},"end":{"line":90,"column":5}},{"start":{},"end":{}}]},"1":{"loc":{"start":{"line":85,"column":8},"end":{"line":85,"column":28}},"type":"cond-expr","locations":[{"start":{"line":85,"column":14},"end":{"line":85,"column":16}},{"start":{"line":85,"column":8},"end":{"line":85,"column":28}}]},"2":{"loc":{"start":{"line":85,"column":8},"end":{"line":85,"column":16}},"type":"binary-expr","locations":[{"start":{"line":85,"column":8},"end":{"line":85,"column":16}},{"start":{"line":85,"column":8},"end":{"line":85,"column":16}}]},"3":{"loc":{"start":{"line":87,"column":6},"end":{"line":89,"column":7}},"type":"if","locations":[{"start":{"line":87,"column":6},"end":{"line":89,"column":7}},{"start":{},"end":{}}]},"4":{"loc":{"start":{"line":92,"column":4},"end":{"line":99,"column":5}},"type":"if","locations":[{"start":{"line":92,"column":4},"end":{"line":99,"column":5}},{"start":{},"end":{}}]},"5":{"loc":{"start":{"line":92,"column":8},"end":{"line":92,"column":22}},"type":"cond-expr","locations":[{"start":{"line":92,"column":14},"end":{"line":92,"column":16}},{"start":{"line":92,"column":8},"end":{"line":92,"column":22}}]},"6":{"loc":{"start":{"line":92,"column":8},"end":{"line":92,"column":16}},"type":"binary-expr","locations":[{"start":{"line":92,"column":8},"end":{"line":92,"column":16}},{"start":{"line":92,"column":8},"end":{"line":92,"column":16}}]},"7":{"loc":{"start":{"line":101,"column":4},"end":{"line":103,"column":5}},"type":"if","locations":[{"start":{"line":101,"column":4},"end":{"line":103,"column":5}},{"start":{},"end":{}}]},"8":{"loc":{"start":{"line":101,"column":8},"end":{"line":101,"column":24}},"type":"cond-expr","locations":[{"start":{"line":101,"column":14},"end":{"line":101,"column":16}},{"start":{"line":101,"column":8},"end":{"line":101,"column":24}}]},"9":{"loc":{"start":{"line":101,"column":8},"end":{"line":101,"column":16}},"type":"binary-expr","locations":[{"start":{"line":101,"column":8},"end":{"line":101,"column":16}},{"start":{"line":101,"column":8},"end":{"line":101,"column":16}}]},"10":{"loc":{"start":{"line":105,"column":4},"end":{"line":107,"column":5}},"type":"if","locations":[{"start":{"line":105,"column":4},"end":{"line":107,"column":5}},{"start":{},"end":{}}]},"11":{"loc":{"start":{"line":105,"column":8},"end":{"line":105,"column":24}},"type":"cond-expr","locations":[{"start":{"line":105,"column":14},"end":{"line":105,"column":16}},{"start":{"line":105,"column":8},"end":{"line":105,"column":24}}]},"12":{"loc":{"start":{"line":105,"column":8},"end":{"line":105,"column":16}},"type":"binary-expr","locations":[{"start":{"line":105,"column":8},"end":{"line":105,"column":16}},{"start":{"line":105,"column":8},"end":{"line":105,"column":16}}]},"13":{"loc":{"start":{"line":109,"column":4},"end":{"line":111,"column":5}},"type":"if","locations":[{"start":{"line":109,"column":4},"end":{"line":111,"column":5}},{"start":{},"end":{}}]},"14":{"loc":{"start":{"line":109,"column":8},"end":{"line":109,"column":24}},"type":"cond-expr","locations":[{"start":{"line":109,"column":14},"end":{"line":109,"column":16}},{"start":{"line":109,"column":8},"end":{"line":109,"column":24}}]},"15":{"loc":{"start":{"line":109,"column":8},"end":{"line":109,"column":16}},"type":"binary-expr","locations":[{"start":{"line":109,"column":8},"end":{"line":109,"column":16}},{"start":{"line":109,"column":8},"end":{"line":109,"column":16}}]},"16":{"loc":{"start":{"line":113,"column":4},"end":{"line":115,"column":5}},"type":"if","locations":[{"start":{"line":113,"column":4},"end":{"line":115,"column":5}},{"start":{},"end":{}}]},"17":{"loc":{"start":{"line":113,"column":8},"end":{"line":113,"column":23}},"type":"cond-expr","locations":[{"start":{"line":113,"column":14},"end":{"line":113,"column":16}},{"start":{"line":113,"column":8},"end":{"line":113,"column":23}}]},"18":{"loc":{"start":{"line":113,"column":8},"end":{"line":113,"column":16}},"type":"binary-expr","locations":[{"start":{"line":113,"column":8},"end":{"line":113,"column":16}},{"start":{"line":113,"column":8},"end":{"line":113,"column":16}}]},"19":{"loc":{"start":{"line":117,"column":4},"end":{"line":119,"column":5}},"type":"if","locations":[{"start":{"line":117,"column":4},"end":{"line":119,"column":5}},{"start":{},"end":{}}]},"20":{"loc":{"start":{"line":117,"column":8},"end":{"line":117,"column":26}},"type":"cond-expr","locations":[{"start":{"line":117,"column":14},"end":{"line":117,"column":16}},{"start":{"line":117,"column":8},"end":{"line":117,"column":26}}]},"21":{"loc":{"start":{"line":117,"column":8},"end":{"line":117,"column":16}},"type":"binary-expr","locations":[{"start":{"line":117,"column":8},"end":{"line":117,"column":16}},{"start":{"line":117,"column":8},"end":{"line":117,"column":16}}]},"22":{"loc":{"start":{"line":121,"column":4},"end":{"line":123,"column":5}},"type":"if","locations":[{"start":{"line":121,"column":4},"end":{"line":123,"column":5}},{"start":{},"end":{}}]},"23":{"loc":{"start":{"line":121,"column":8},"end":{"line":121,"column":28}},"type":"cond-expr","locations":[{"start":{"line":121,"column":14},"end":{"line":121,"column":16}},{"start":{"line":121,"column":8},"end":{"line":121,"column":28}}]},"24":{"loc":{"start":{"line":121,"column":8},"end":{"line":121,"column":16}},"type":"binary-expr","locations":[{"start":{"line":121,"column":8},"end":{"line":121,"column":16}},{"start":{"line":121,"column":8},"end":{"line":121,"column":16}}]},"25":{"loc":{"start":{"line":125,"column":4},"end":{"line":127,"column":5}},"type":"if","locations":[{"start":{"line":125,"column":4},"end":{"line":127,"column":5}},{"start":{},"end":{}}]},"26":{"loc":{"start":{"line":130,"column":4},"end":{"line":145,"column":5}},"type":"switch","locations":[{"start":{"line":131,"column":6},"end":{"line":133,"column":14}},{"start":{"line":134,"column":6},"end":{"line":136,"column":14}},{"start":{"line":137,"column":6},"end":{"line":139,"column":14}},{"start":{"line":140,"column":6},"end":{"line":142,"column":14}},{"start":{"line":143,"column":6},"end":{"line":144,"column":56}}]},"27":{"loc":{"start":{"line":130,"column":12},"end":{"line":130,"column":26}},"type":"cond-expr","locations":[{"start":{"line":130,"column":18},"end":{"line":130,"column":20}},{"start":{"line":130,"column":12},"end":{"line":130,"column":26}}]},"28":{"loc":{"start":{"line":130,"column":12},"end":{"line":130,"column":20}},"type":"binary-expr","locations":[{"start":{"line":130,"column":12},"end":{"line":130,"column":20}},{"start":{"line":130,"column":12},"end":{"line":130,"column":20}}]},"29":{"loc":{"start":{"line":147,"column":4},"end":{"line":149,"column":5}},"type":"if","locations":[{"start":{"line":147,"column":4},"end":{"line":149,"column":5}},{"start":{},"end":{}}]},"30":{"loc":{"start":{"line":147,"column":8},"end":{"line":147,"column":21}},"type":"cond-expr","locations":[{"start":{"line":147,"column":14},"end":{"line":147,"column":16}},{"start":{"line":147,"column":8},"end":{"line":147,"column":21}}]},"31":{"loc":{"start":{"line":147,"column":8},"end":{"line":147,"column":16}},"type":"binary-expr","locations":[{"start":{"line":147,"column":8},"end":{"line":147,"column":16}},{"start":{"line":147,"column":8},"end":{"line":147,"column":16}}]},"32":{"loc":{"start":{"line":151,"column":4},"end":{"line":153,"column":5}},"type":"if","locations":[{"start":{"line":151,"column":4},"end":{"line":153,"column":5}},{"start":{},"end":{}}]},"33":{"loc":{"start":{"line":151,"column":8},"end":{"line":151,"column":22}},"type":"cond-expr","locations":[{"start":{"line":151,"column":14},"end":{"line":151,"column":16}},{"start":{"line":151,"column":8},"end":{"line":151,"column":22}}]},"34":{"loc":{"start":{"line":151,"column":8},"end":{"line":151,"column":16}},"type":"binary-expr","locations":[{"start":{"line":151,"column":8},"end":{"line":151,"column":16}},{"start":{"line":151,"column":8},"end":{"line":151,"column":16}}]},"35":{"loc":{"start":{"line":168,"column":4},"end":{"line":168,"column":46}},"type":"if","locations":[{"start":{"line":168,"column":4},"end":{"line":168,"column":46}},{"start":{},"end":{}}]},"36":{"loc":{"start":{"line":181,"column":28},"end":{"line":181,"column":37}},"type":"default-arg","locations":[{"start":{"line":181,"column":36},"end":{"line":181,"column":37}}]},"37":{"loc":{"start":{"line":189,"column":23},"end":{"line":189,"column":32}},"type":"default-arg","locations":[{"start":{"line":189,"column":31},"end":{"line":189,"column":32}}]},"38":{"loc":{"start":{"line":198,"column":38},"end":{"line":198,"column":48}},"type":"default-arg","locations":[{"start":{"line":198,"column":46},"end":{"line":198,"column":48}}]},"39":{"loc":{"start":{"line":254,"column":4},"end":{"line":261,"column":5}},"type":"if","locations":[{"start":{"line":254,"column":4},"end":{"line":261,"column":5}},{"start":{},"end":{}}]},"40":{"loc":{"start":{"line":309,"column":4},"end":{"line":315,"column":5}},"type":"if","locations":[{"start":{"line":309,"column":4},"end":{"line":315,"column":5}},{"start":{},"end":{}}]},"41":{"loc":{"start":{"line":362,"column":4},"end":{"line":364,"column":5}},"type":"if","locations":[{"start":{"line":362,"column":4},"end":{"line":364,"column":5}},{"start":{},"end":{}}]}},"s":{"0":0,"1":0,"2":0,"3":0,"4":0,"5":0,"6":0,"7":0,"8":0,"9":0,"10":0,"11":0,"12":0,"13":0,"14":0,"15":0,"16":0,"17":0,"18":0,"19":0,"20":0,"21":0,"22":0,"23":0,"24":0,"25":0,"26":0,"27":0,"28":0,"29":0,"30":0,"31":0,"32":0,"33":0,"34":0,"35":0,"36":0,"37":0,"38":0,"39":0,"40":0,"41":0,"42":0,"43":0,"44":0,"45":0,"46":0,"47":0,"48":0,"49":0,"50":0,"51":0,"52":0,"53":0,"54":0,"55":0,"56":0,"57":0,"58":0,"59":0,"60":0,"61":0,"62":0,"63":0,"64":0,"65":0,"66":0,"67":0,"68":0,"69":0,"70":0,"71":0,"72":0,"73":0,"74":0,"75":0,"76":0,"77":0,"78":0,"79":0,"80":0,"81":0,"82":0,"83":0,"84":0,"85":0,"86":0,"87":0,"88":0,"89":0,"90":0,"91":0,"92":0,"93":0,"94":0,"95":0,"96":0,"97":0,"98":0,"99":0,"100":0,"101":0},"f":{"0":0,"1":0,"2":0,"3":0,"4":0,"5":0,"6":0,"7":0,"8":0,"9":0,"10":0,"11":0,"12":0,"13":0,"14":0,"15":0,"16":0,"17":0,"18":0,"19":0,"20":0,"21":0,"22":0,"23":0,"24":0,"25":0,"26":0,"27":0,"28":0,"29":0,"30":0},"b":{"0":[0,0],"1":[0,0],"2":[0,0],"3":[0,0],"4":[0,0],"5":[0,0],"6":[0,0],"7":[0,0],"8":[0,0],"9":[0,0],"10":[0,0],"11":[0,0],"12":[0,0],"13":[0,0],"14":[0,0],"15":[0,0],"16":[0,0],"17":[0,0],"18":[0,0],"19":[0,0],"20":[0,0],"21":[0,0],"22":[0,0],"23":[0,0],"24":[0,0],"25":[0,0],"26":[0,0,0,0,0],"27":[0,0],"28":[0,0],"29":[0,0],"30":[0,0],"31":[0,0],"32":[0,0],"33":[0,0],"34":[0,0],"35":[0,0],"36":[0],"37":[0],"38":[0],"39":[0,0],"40":[0,0],"41":[0,0]}}
,"/workspaces/Marjahans-by-replit/server/replit_integrations/auth/index.ts": {"path":"/workspaces/Marjahans-by-replit/server/replit_integrations/auth/index.ts","statementMap":{"0":{"start":{"line":1,"column":0},"end":{"line":1,"column":9}},"1":{"start":{"line":1,"column":9},"end":{"line":1,"column":20}},"2":{"start":{"line":1,"column":20},"end":{"line":1,"column":37}},"3":{"start":{"line":1,"column":37},"end":{"line":1,"column":70}},"4":{"start":{"line":2,"column":0},"end":{"line":2,"column":9}},"5":{"start":{"line":2,"column":9},"end":{"line":2,"column":59}},"6":{"start":{"line":3,"column":0},"end":{"line":3,"column":9}},"7":{"start":{"line":3,"column":9},"end":{"line":3,"column":46}}},"fnMap":{"0":{"name":"(anonymous_0)","decl":{"start":{"line":1,"column":9},"end":{"line":1,"column":18}},"loc":{"start":{"line":1,"column":9},"end":{"line":1,"column":20}}},"1":{"name":"(anonymous_1)","decl":{"start":{"line":1,"column":20},"end":{"line":1,"column":35}},"loc":{"start":{"line":1,"column":20},"end":{"line":1,"column":37}}},"2":{"name":"(anonymous_2)","decl":{"start":{"line":1,"column":37},"end":{"line":1,"column":47}},"loc":{"start":{"line":1,"column":37},"end":{"line":1,"column":70}}},"3":{"name":"(anonymous_3)","decl":{"start":{"line":2,"column":9},"end":{"line":2,"column":20}},"loc":{"start":{"line":2,"column":9},"end":{"line":2,"column":59}}},"4":{"name":"(anonymous_4)","decl":{"start":{"line":3,"column":9},"end":{"line":3,"column":27}},"loc":{"start":{"line":3,"column":9},"end":{"line":3,"column":46}}}},"branchMap":{},"s":{"0":0,"1":0,"2":0,"3":0,"4":0,"5":0,"6":0,"7":0},"f":{"0":0,"1":0,"2":0,"3":0,"4":0},"b":{}}
,"/workspaces/Marjahans-by-replit/server/replit_integrations/auth/replitAuth.ts": {"path":"/workspaces/Marjahans-by-replit/server/replit_integrations/auth/replitAuth.ts","statementMap":{"0":{"start":{"line":21,"column":0},"end":{"line":21,"column":16}},"1":{"start":{"line":63,"column":0},"end":{"line":63,"column":22}},"2":{"start":{"line":1,"column":0},"end":{"line":1,"column":40}},"3":{"start":{"line":2,"column":0},"end":{"line":2,"column":71}},"4":{"start":{"line":4,"column":0},"end":{"line":4,"column":32}},"5":{"start":{"line":5,"column":0},"end":{"line":5,"column":38}},"6":{"start":{"line":7,"column":0},"end":{"line":7,"column":31}},"7":{"start":{"line":8,"column":0},"end":{"line":8,"column":42}},"8":{"start":{"line":9,"column":0},"end":{"line":9,"column":40}},"9":{"start":{"line":11,"column":22},"end":{"line":18,"column":null}},"10":{"start":{"line":12,"column":13},"end":{"line":17,"column":null}},"11":{"start":{"line":13,"column":4},"end":{"line":16,"column":6}},"12":{"start":{"line":22,"column":21},"end":{"line":22,"column":44}},"13":{"start":{"line":23,"column":18},"end":{"line":23,"column":36}},"14":{"start":{"line":24,"column":23},"end":{"line":29,"column":4}},"15":{"start":{"line":30,"column":2},"end":{"line":40,"column":5}},"16":{"start":{"line":47,"column":2},"end":{"line":47,"column":32}},"17":{"start":{"line":48,"column":2},"end":{"line":48,"column":42}},"18":{"start":{"line":49,"column":2},"end":{"line":49,"column":44}},"19":{"start":{"line":50,"column":2},"end":{"line":50,"column":37}},"20":{"start":{"line":54,"column":2},"end":{"line":60,"column":5}},"21":{"start":{"line":64,"column":2},"end":{"line":64,"column":28}},"22":{"start":{"line":65,"column":2},"end":{"line":65,"column":24}},"23":{"start":{"line":66,"column":2},"end":{"line":66,"column":33}},"24":{"start":{"line":67,"column":2},"end":{"line":67,"column":30}},"25":{"start":{"line":69,"column":17},"end":{"line":69,"column":38}},"26":{"start":{"line":71,"column":33},"end":{"line":79,"column":4}},"27":{"start":{"line":74,"column":6},"end":{"line":79,"column":4}},"28":{"start":{"line":75,"column":17},"end":{"line":75,"column":19}},"29":{"start":{"line":76,"column":4},"end":{"line":76,"column":36}},"30":{"start":{"line":77,"column":4},"end":{"line":77,"column":38}},"31":{"start":{"line":78,"column":4},"end":{"line":78,"column":25}},"32":{"start":{"line":82,"column":31},"end":{"line":82,"column":48}},"33":{"start":{"line":85,"column":25},"end":{"line":100,"column":3}},"34":{"start":{"line":86,"column":25},"end":{"line":86,"column":47}},"35":{"start":{"line":87,"column":4},"end":{"line":99,"column":5}},"36":{"start":{"line":88,"column":23},"end":{"line":95,"column":null}},"37":{"start":{"line":97,"column":6},"end":{"line":97,"column":29}},"38":{"start":{"line":98,"column":6},"end":{"line":98,"column":45}},"39":{"start":{"line":102,"column":2},"end":{"line":102,"column":69}},"40":{"start":{"line":102,"column":53},"end":{"line":102,"column":67}},"41":{"start":{"line":103,"column":2},"end":{"line":103,"column":71}},"42":{"start":{"line":103,"column":55},"end":{"line":103,"column":69}},"43":{"start":{"line":105,"column":2},"end":{"line":111,"column":5}},"44":{"start":{"line":106,"column":4},"end":{"line":106,"column":33}},"45":{"start":{"line":107,"column":4},"end":{"line":110,"column":23}},"46":{"start":{"line":113,"column":2},"end":{"line":119,"column":5}},"47":{"start":{"line":114,"column":4},"end":{"line":114,"column":33}},"48":{"start":{"line":115,"column":4},"end":{"line":118,"column":23}},"49":{"start":{"line":121,"column":2},"end":{"line":130,"column":5}},"50":{"start":{"line":122,"column":4},"end":{"line":129,"column":7}},"51":{"start":{"line":123,"column":6},"end":{"line":128,"column":8}},"52":{"start":{"line":133,"column":47},"end":{"line":160,"column":2}},"53":{"start":{"line":133,"column":72},"end":{"line":160,"column":2}},"54":{"start":{"line":134,"column":15},"end":{"line":134,"column":30}},"55":{"start":{"line":136,"column":2},"end":{"line":138,"column":3}},"56":{"start":{"line":137,"column":4},"end":{"line":137,"column":61}},"57":{"start":{"line":140,"column":14},"end":{"line":140,"column":43}},"58":{"start":{"line":141,"column":2},"end":{"line":143,"column":3}},"59":{"start":{"line":142,"column":4},"end":{"line":142,"column":18}},"60":{"start":{"line":145,"column":23},"end":{"line":145,"column":41}},"61":{"start":{"line":146,"column":2},"end":{"line":149,"column":3}},"62":{"start":{"line":147,"column":4},"end":{"line":147,"column":54}},"63":{"start":{"line":148,"column":4},"end":{"line":148,"column":11}},"64":{"start":{"line":151,"column":2},"end":{"line":159,"column":3}},"65":{"start":{"line":152,"column":19},"end":{"line":152,"column":40}},"66":{"start":{"line":153,"column":26},"end":{"line":153,"column":78}},"67":{"start":{"line":154,"column":4},"end":{"line":154,"column":43}},"68":{"start":{"line":155,"column":4},"end":{"line":155,"column":18}},"69":{"start":{"line":157,"column":4},"end":{"line":157,"column":54}},"70":{"start":{"line":158,"column":4},"end":{"line":158,"column":11}},"71":{"start":{"line":133,"column":13},"end":{"line":133,"column":47}}},"fnMap":{"0":{"name":"(anonymous_14)","decl":{"start":{"line":12,"column":2},"end":{"line":12,"column":11}},"loc":{"start":{"line":12,"column":13},"end":{"line":17,"column":null}}},"1":{"name":"(anonymous_15)","decl":{"start":{"line":12,"column":13},"end":{"line":12,"column":null}},"loc":{"start":{"line":12,"column":13},"end":{"line":17,"column":3}}},"2":{"name":"getSession","decl":{"start":{"line":21,"column":16},"end":{"line":21,"column":26}},"loc":{"start":{"line":21,"column":26},"end":{"line":41,"column":1}}},"3":{"name":"updateUserSession","decl":{"start":{"line":43,"column":9},"end":{"line":43,"column":26}},"loc":{"start":{"line":45,"column":76},"end":{"line":51,"column":1}}},"4":{"name":"upsertUser","decl":{"start":{"line":53,"column":15},"end":{"line":53,"column":25}},"loc":{"start":{"line":53,"column":37},"end":{"line":61,"column":null}}},"5":{"name":"setupAuth","decl":{"start":{"line":63,"column":22},"end":{"line":63,"column":31}},"loc":{"start":{"line":63,"column":44},"end":{"line":131,"column":null}}},"6":{"name":"(anonymous_22)","decl":{"start":{"line":71,"column":33},"end":{"line":71,"column":null}},"loc":{"start":{"line":74,"column":6},"end":{"line":79,"column":4}}},"7":{"name":"(anonymous_23)","decl":{"start":{"line":74,"column":6},"end":{"line":74,"column":null}},"loc":{"start":{"line":74,"column":6},"end":{"line":79,"column":3}}},"8":{"name":"(anonymous_24)","decl":{"start":{"line":85,"column":25},"end":{"line":85,"column":26}},"loc":{"start":{"line":85,"column":44},"end":{"line":100,"column":3}}},"9":{"name":"(anonymous_25)","decl":{"start":{"line":102,"column":25},"end":{"line":102,"column":26}},"loc":{"start":{"line":102,"column":53},"end":{"line":102,"column":67}}},"10":{"name":"(anonymous_26)","decl":{"start":{"line":103,"column":27},"end":{"line":103,"column":28}},"loc":{"start":{"line":103,"column":55},"end":{"line":103,"column":69}}},"11":{"name":"(anonymous_27)","decl":{"start":{"line":105,"column":24},"end":{"line":105,"column":25}},"loc":{"start":{"line":105,"column":43},"end":{"line":111,"column":3}}},"12":{"name":"(anonymous_28)","decl":{"start":{"line":113,"column":27},"end":{"line":113,"column":28}},"loc":{"start":{"line":113,"column":46},"end":{"line":119,"column":3}}},"13":{"name":"(anonymous_29)","decl":{"start":{"line":121,"column":25},"end":{"line":121,"column":26}},"loc":{"start":{"line":121,"column":38},"end":{"line":130,"column":3}}},"14":{"name":"(anonymous_30)","decl":{"start":{"line":122,"column":15},"end":{"line":122,"column":18}},"loc":{"start":{"line":122,"column":20},"end":{"line":129,"column":5}}},"15":{"name":"(anonymous_31)","decl":{"start":{"line":133,"column":47},"end":{"line":133,"column":54}},"loc":{"start":{"line":133,"column":72},"end":{"line":160,"column":2}}},"16":{"name":"(anonymous_32)","decl":{"start":{"line":133,"column":72},"end":{"line":133,"column":null}},"loc":{"start":{"line":133,"column":72},"end":{"line":160,"column":1}}}},"branchMap":{"0":{"loc":{"start":{"line":14,"column":14},"end":{"line":14,"column":65}},"type":"cond-expr","locations":[{"start":{"line":14,"column":36},"end":{"line":14,"column":40}},{"start":{"line":14,"column":40},"end":{"line":14,"column":65}}]},"1":{"loc":{"start":{"line":14,"column":14},"end":{"line":14,"column":40}},"type":"binary-expr","locations":[{"start":{"line":14,"column":14},"end":{"line":14,"column":40}},{"start":{"line":14,"column":36},"end":{"line":14,"column":40}}]},"2":{"loc":{"start":{"line":50,"column":20},"end":{"line":50,"column":36}},"type":"cond-expr","locations":[{"start":{"line":50,"column":31},"end":{"line":50,"column":33}},{"start":{"line":50,"column":31},"end":{"line":50,"column":36}}]},"3":{"loc":{"start":{"line":50,"column":20},"end":{"line":50,"column":33}},"type":"binary-expr","locations":[{"start":{"line":50,"column":20},"end":{"line":50,"column":33}},{"start":{"line":50,"column":31},"end":{"line":50,"column":33}}]},"4":{"loc":{"start":{"line":87,"column":4},"end":{"line":99,"column":5}},"type":"if","locations":[{"start":{"line":87,"column":4},"end":{"line":99,"column":5}},{"start":{},"end":{}}]},"5":{"loc":{"start":{"line":136,"column":2},"end":{"line":138,"column":3}},"type":"if","locations":[{"start":{"line":136,"column":2},"end":{"line":138,"column":3}},{"start":{},"end":{}}]},"6":{"loc":{"start":{"line":136,"column":6},"end":{"line":136,"column":48}},"type":"binary-expr","locations":[{"start":{"line":136,"column":6},"end":{"line":136,"column":28}},{"start":{"line":136,"column":32},"end":{"line":136,"column":48}}]},"7":{"loc":{"start":{"line":141,"column":2},"end":{"line":143,"column":3}},"type":"if","locations":[{"start":{"line":141,"column":2},"end":{"line":143,"column":3}},{"start":{},"end":{}}]},"8":{"loc":{"start":{"line":146,"column":2},"end":{"line":149,"column":3}},"type":"if","locations":[{"start":{"line":146,"column":2},"end":{"line":149,"column":3}},{"start":{},"end":{}}]}},"s":{"0":0,"1":0,"2":0,"3":0,"4":0,"5":0,"6":0,"7":0,"8":0,"9":0,"10":0,"11":0,"12":0,"13":0,"14":0,"15":0,"16":0,"17":0,"18":0,"19":0,"20":0,"21":0,"22":0,"23":0,"24":0,"25":0,"26":0,"27":0,"28":0,"29":0,"30":0,"31":0,"32":0,"33":0,"34":0,"35":0,"36":0,"37":0,"38":0,"39":0,"40":0,"41":0,"42":0,"43":0,"44":0,"45":0,"46":0,"47":0,"48":0,"49":0,"50":0,"51":0,"52":0,"53":0,"54":0,"55":0,"56":0,"57":0,"58":0,"59":0,"60":0,"61":0,"62":0,"63":0,"64":0,"65":0,"66":0,"67":0,"68":0,"69":0,"70":0,"71":0},"f":{"0":0,"1":0,"2":0,"3":0,"4":0,"5":0,"6":0,"7":0,"8":0,"9":0,"10":0,"11":0,"12":0,"13":0,"14":0,"15":0,"16":0},"b":{"0":[0,0],"1":[0,0],"2":[0,0],"3":[0,0],"4":[0,0],"5":[0,0],"6":[0,0],"7":[0,0],"8":[0,0]}}
,"/workspaces/Marjahans-by-replit/server/replit_integrations/auth/routes.ts": {"path":"/workspaces/Marjahans-by-replit/server/replit_integrations/auth/routes.ts","statementMap":{"0":{"start":{"line":6,"column":0},"end":{"line":6,"column":16}},"1":{"start":{"line":2,"column":0},"end":{"line":2,"column":40}},"2":{"start":{"line":3,"column":0},"end":{"line":3,"column":47}},"3":{"start":{"line":8,"column":2},"end":{"line":17,"column":5}},"4":{"start":{"line":8,"column":69},"end":{"line":17,"column":4}},"5":{"start":{"line":9,"column":4},"end":{"line":16,"column":5}},"6":{"start":{"line":10,"column":21},"end":{"line":10,"column":40}},"7":{"start":{"line":11,"column":19},"end":{"line":11,"column":52}},"8":{"start":{"line":12,"column":6},"end":{"line":12,"column":21}},"9":{"start":{"line":14,"column":6},"end":{"line":14,"column":51}},"10":{"start":{"line":15,"column":6},"end":{"line":15,"column":64}}},"fnMap":{"0":{"name":"registerAuthRoutes","decl":{"start":{"line":6,"column":16},"end":{"line":6,"column":34}},"loc":{"start":{"line":6,"column":47},"end":{"line":18,"column":1}}},"1":{"name":"(anonymous_8)","decl":{"start":{"line":8,"column":45},"end":{"line":8,"column":52}},"loc":{"start":{"line":8,"column":69},"end":{"line":17,"column":4}}},"2":{"name":"(anonymous_9)","decl":{"start":{"line":8,"column":69},"end":{"line":8,"column":null}},"loc":{"start":{"line":8,"column":69},"end":{"line":17,"column":3}}}},"branchMap":{},"s":{"0":0,"1":0,"2":0,"3":0,"4":0,"5":0,"6":0,"7":0,"8":0,"9":0,"10":0},"f":{"0":0,"1":0,"2":0},"b":{}}
,"/workspaces/Marjahans-by-replit/server/replit_integrations/auth/storage.ts": {"path":"/workspaces/Marjahans-by-replit/server/replit_integrations/auth/storage.ts","statementMap":{"0":{"start":{"line":1,"column":0},"end":{"line":1,"column":72}},"1":{"start":{"line":2,"column":0},"end":{"line":2,"column":30}},"2":{"start":{"line":3,"column":0},"end":{"line":3,"column":33}},"3":{"start":{"line":14,"column":19},"end":{"line":14,"column":72}},"4":{"start":{"line":15,"column":4},"end":{"line":15,"column":16}},"5":{"start":{"line":19,"column":19},"end":{"line":29,"column":18}},"6":{"start":{"line":30,"column":4},"end":{"line":30,"column":16}},"7":{"start":{"line":34,"column":13},"end":{"line":34,"column":45}}},"fnMap":{"0":{"name":"(anonymous_7)","decl":{"start":{"line":13,"column":8},"end":{"line":13,"column":15}},"loc":{"start":{"line":13,"column":26},"end":{"line":16,"column":null}}},"1":{"name":"(anonymous_9)","decl":{"start":{"line":18,"column":8},"end":{"line":18,"column":18}},"loc":{"start":{"line":18,"column":39},"end":{"line":31,"column":null}}}},"branchMap":{},"s":{"0":0,"1":0,"2":0,"3":0,"4":0,"5":0,"6":0,"7":0},"f":{"0":0,"1":0},"b":{}}
,"/workspaces/Marjahans-by-replit/shared/routes.ts": {"path":"/workspaces/Marjahans-by-replit/shared/routes.ts","statementMap":{"0":{"start":{"line":267,"column":0},"end":{"line":267,"column":16}},"1":{"start":{"line":1,"column":0},"end":{"line":1,"column":24}},"2":{"start":{"line":2,"column":0},"end":{"line":2,"column":null}},"3":{"start":{"line":16,"column":13},"end":{"line":30,"column":2}},"4":{"start":{"line":35,"column":13},"end":{"line":262,"column":2}},"5":{"start":{"line":268,"column":12},"end":{"line":268,"column":16}},"6":{"start":{"line":269,"column":2},"end":{"line":275,"column":3}},"7":{"start":{"line":270,"column":4},"end":{"line":274,"column":7}},"8":{"start":{"line":271,"column":6},"end":{"line":273,"column":7}},"9":{"start":{"line":272,"column":8},"end":{"line":272,"column":52}},"10":{"start":{"line":276,"column":2},"end":{"line":276,"column":13}}},"fnMap":{"0":{"name":"buildUrl","decl":{"start":{"line":267,"column":16},"end":{"line":267,"column":24}},"loc":{"start":{"line":267,"column":79},"end":{"line":277,"column":1}}},"1":{"name":"(anonymous_1)","decl":{"start":{"line":270,"column":35},"end":{"line":270,"column":36}},"loc":{"start":{"line":270,"column":52},"end":{"line":274,"column":5}}}},"branchMap":{"0":{"loc":{"start":{"line":269,"column":2},"end":{"line":275,"column":3}},"type":"if","locations":[{"start":{"line":269,"column":2},"end":{"line":275,"column":3}},{"start":{},"end":{}}]},"1":{"loc":{"start":{"line":271,"column":6},"end":{"line":273,"column":7}},"type":"if","locations":[{"start":{"line":271,"column":6},"end":{"line":273,"column":7}},{"start":{},"end":{}}]}},"s":{"0":0,"1":0,"2":0,"3":0,"4":0,"5":0,"6":0,"7":0,"8":0,"9":0,"10":0},"f":{"0":0,"1":0},"b":{"0":[0,0],"1":[0,0]}}
,"/workspaces/Marjahans-by-replit/shared/schema.ts": {"path":"/workspaces/Marjahans-by-replit/shared/schema.ts","statementMap":{"0":{"start":{"line":1,"column":0},"end":{"line":1,"column":34}},"1":{"start":{"line":2,"column":0},"end":{"line":2,"column":114}},"2":{"start":{"line":3,"column":0},"end":{"line":3,"column":40}},"3":{"start":{"line":4,"column":0},"end":{"line":4,"column":49}},"4":{"start":{"line":5,"column":0},"end":{"line":5,"column":24}},"5":{"start":{"line":8,"column":0},"end":{"line":8,"column":30}},"6":{"start":{"line":11,"column":13},"end":{"line":18,"column":3}},"7":{"start":{"line":21,"column":13},"end":{"line":40,"column":3}},"8":{"start":{"line":28,"column":54},"end":{"line":28,"column":67}},"9":{"start":{"line":43,"column":13},"end":{"line":49,"column":3}},"10":{"start":{"line":46,"column":52},"end":{"line":46,"column":63}},"11":{"start":{"line":52,"column":13},"end":{"line":62,"column":3}},"12":{"start":{"line":65,"column":13},"end":{"line":71,"column":3}},"13":{"start":{"line":67,"column":48},"end":{"line":67,"column":57}},"14":{"start":{"line":68,"column":52},"end":{"line":68,"column":63}},"15":{"start":{"line":74,"column":13},"end":{"line":79,"column":3}},"16":{"start":{"line":77,"column":52},"end":{"line":77,"column":63}},"17":{"start":{"line":82,"column":13},"end":{"line":84,"column":4}},"18":{"start":{"line":82,"column":72},"end":{"line":84,"column":2}},"19":{"start":{"line":86,"column":13},"end":{"line":91,"column":4}},"20":{"start":{"line":86,"column":67},"end":{"line":91,"column":2}},"21":{"start":{"line":93,"column":13},"end":{"line":98,"column":4}},"22":{"start":{"line":93,"column":69},"end":{"line":98,"column":2}},"23":{"start":{"line":100,"column":13},"end":{"line":102,"column":4}},"24":{"start":{"line":100,"column":64},"end":{"line":102,"column":2}},"25":{"start":{"line":104,"column":13},"end":{"line":113,"column":4}},"26":{"start":{"line":104,"column":71},"end":{"line":113,"column":2}},"27":{"start":{"line":116,"column":13},"end":{"line":116,"column":103}},"28":{"start":{"line":117,"column":13},"end":{"line":117,"column":117}},"29":{"start":{"line":118,"column":13},"end":{"line":118,"column":102}},"30":{"start":{"line":119,"column":13},"end":{"line":119,"column":113}},"31":{"start":{"line":120,"column":13},"end":{"line":120,"column":87}},"32":{"start":{"line":121,"column":13},"end":{"line":121,"column":110}},"33":{"start":{"line":160,"column":13},"end":{"line":170,"column":3}},"34":{"start":{"line":175,"column":13},"end":{"line":177,"column":3}}},"fnMap":{"0":{"name":"(anonymous_4)","decl":{"start":{"line":28,"column":48},"end":{"line":28,"column":51}},"loc":{"start":{"line":28,"column":54},"end":{"line":28,"column":67}}},"1":{"name":"(anonymous_5)","decl":{"start":{"line":46,"column":46},"end":{"line":46,"column":49}},"loc":{"start":{"line":46,"column":52},"end":{"line":46,"column":63}}},"2":{"name":"(anonymous_6)","decl":{"start":{"line":67,"column":42},"end":{"line":67,"column":45}},"loc":{"start":{"line":67,"column":48},"end":{"line":67,"column":57}}},"3":{"name":"(anonymous_7)","decl":{"start":{"line":68,"column":46},"end":{"line":68,"column":49}},"loc":{"start":{"line":68,"column":52},"end":{"line":68,"column":63}}},"4":{"name":"(anonymous_8)","decl":{"start":{"line":77,"column":46},"end":{"line":77,"column":49}},"loc":{"start":{"line":77,"column":52},"end":{"line":77,"column":63}}},"5":{"name":"(anonymous_9)","decl":{"start":{"line":82,"column":57},"end":{"line":82,"column":58}},"loc":{"start":{"line":82,"column":72},"end":{"line":84,"column":2}}},"6":{"name":"(anonymous_10)","decl":{"start":{"line":86,"column":53},"end":{"line":86,"column":54}},"loc":{"start":{"line":86,"column":67},"end":{"line":91,"column":2}}},"7":{"name":"(anonymous_11)","decl":{"start":{"line":93,"column":55},"end":{"line":93,"column":56}},"loc":{"start":{"line":93,"column":69},"end":{"line":98,"column":2}}},"8":{"name":"(anonymous_12)","decl":{"start":{"line":100,"column":49},"end":{"line":100,"column":50}},"loc":{"start":{"line":100,"column":64},"end":{"line":102,"column":2}}},"9":{"name":"(anonymous_13)","decl":{"start":{"line":104,"column":57},"end":{"line":104,"column":58}},"loc":{"start":{"line":104,"column":71},"end":{"line":113,"column":2}}}},"branchMap":{},"s":{"0":0,"1":0,"2":0,"3":0,"4":0,"5":0,"6":0,"7":0,"8":0,"9":0,"10":0,"11":0,"12":0,"13":0,"14":0,"15":0,"16":0,"17":0,"18":0,"19":0,"20":0,"21":0,"22":0,"23":0,"24":0,"25":0,"26":0,"27":0,"28":0,"29":0,"30":0,"31":0,"32":0,"33":0,"34":0},"f":{"0":0,"1":0,"2":0,"3":0,"4":0,"5":0,"6":0,"7":0,"8":0,"9":0},"b":{}}
,"/workspaces/Marjahans-by-replit/shared/models/auth.ts": {"path":"/workspaces/Marjahans-by-replit/shared/models/auth.ts","statementMap":{"0":{"start":{"line":1,"column":0},"end":{"line":1,"column":34}},"1":{"start":{"line":2,"column":0},"end":{"line":2,"column":80}},"2":{"start":{"line":6,"column":13},"end":{"line":14,"column":2}},"3":{"start":{"line":13,"column":13},"end":{"line":13,"column":59}},"4":{"start":{"line":18,"column":13},"end":{"line":26,"column":3}}},"fnMap":{"0":{"name":"(anonymous_0)","decl":{"start":{"line":13,"column":2},"end":{"line":13,"column":3}},"loc":{"start":{"line":13,"column":13},"end":{"line":13,"column":59}}}},"branchMap":{},"s":{"0":0,"1":0,"2":0,"3":0,"4":0},"f":{"0":0},"b":{}}
}
